============================= test session starts ==============================
platform linux -- Python 3.11.14, pytest-9.0.1, pluggy-1.6.0 -- /usr/local/bin/python
cachedir: .pytest_cache
rootdir: /home/user/idea8
configfile: pyproject.toml
plugins: cov-7.0.0
collecting ... collected 63 items

tests/test_bias_parameters.py::TestSelectionBias::test_selection_bias_initialization FAILED [  1%]
tests/test_bias_parameters.py::TestSelectionBias::test_selection_bias_apply FAILED [  3%]
tests/test_bias_parameters.py::TestSelectionBias::test_selection_bias_validation FAILED [  4%]
tests/test_bias_parameters.py::TestSelectionBias::test_selection_bias_sampling FAILED [  6%]
tests/test_bias_parameters.py::TestMeasurementError::test_measurement_error_initialization PASSED [  7%]
tests/test_bias_parameters.py::TestMeasurementError::test_measurement_error_apply PASSED [  9%]
tests/test_bias_parameters.py::TestMeasurementError::test_measurement_error_validation PASSED [ 11%]
tests/test_bias_parameters.py::TestMeasurementError::test_measurement_error_sampling PASSED [ 12%]
tests/test_bias_parameters.py::TestConfounding::test_confounding_initialization FAILED [ 14%]
tests/test_bias_parameters.py::TestConfounding::test_confounding_apply FAILED [ 15%]
tests/test_bias_parameters.py::TestConfounding::test_confounding_validation FAILED [ 17%]
tests/test_bias_parameters.py::TestConfounding::test_confounding_sampling FAILED [ 19%]
tests/test_bias_parameters.py::TestConfounding::test_confounding_prevalence_calculation FAILED [ 20%]
tests/test_evalues.py::TestEValue::test_evalue_rr_basic PASSED           [ 22%]
tests/test_evalues.py::TestEValue::test_evalue_rr_null PASSED            [ 23%]
tests/test_evalues.py::TestEValue::test_evalue_protective PASSED         [ 25%]
tests/test_evalues.py::TestEValue::test_evalue_with_ci PASSED            [ 26%]
tests/test_evalues.py::TestEValue::test_evalue_odds_ratio PASSED         [ 28%]
tests/test_evalues.py::TestEValue::test_evalue_hazard_ratio PASSED       [ 30%]
tests/test_evalues.py::TestEValue::test_invalid_rr FAILED                [ 31%]
tests/test_evalues.py::TestEValue::test_required_confounding_strength PASSED [ 33%]
tests/test_evalues.py::TestEValue::test_evalue_result_string PASSED      [ 34%]
tests/test_evalues.py::TestEValueEdgeCases::test_very_large_rr PASSED    [ 36%]
tests/test_evalues.py::TestEValueEdgeCases::test_very_small_protective_rr PASSED [ 38%]
tests/test_evalues.py::TestEValueEdgeCases::test_rr_just_above_null PASSED [ 39%]
tests/test_monte_carlo.py::TestMonteCarloAnalysis::test_monte_carlo_initialization FAILED [ 41%]
tests/test_monte_carlo.py::TestMonteCarloAnalysis::test_monte_carlo_run FAILED [ 42%]
tests/test_monte_carlo.py::TestMonteCarloAnalysis::test_monte_carlo_multiple_biases FAILED [ 44%]
tests/test_monte_carlo.py::TestMonteCarloAnalysis::test_monte_carlo_distribution_summary FAILED [ 46%]
tests/test_monte_carlo.py::TestMonteCarloAnalysis::test_probability_calculations FAILED [ 47%]
tests/test_monte_carlo.py::TestMonteCarloAnalysis::test_get_samples FAILED [ 49%]
tests/test_monte_carlo.py::TestMonteCarloAnalysis::test_reproducibility FAILED [ 50%]
tests/test_monte_carlo.py::TestMonteCarloResult::test_monte_carlo_result_summary FAILED [ 52%]
tests/test_sensitivity.py::TestUnmeasuredConfounding::test_initialization PASSED [ 53%]
tests/test_sensitivity.py::TestUnmeasuredConfounding::test_adjust_for_confounding PASSED [ 55%]
tests/test_sensitivity.py::TestUnmeasuredConfounding::test_sensitivity_grid PASSED [ 57%]
tests/test_sensitivity.py::TestUnmeasuredConfounding::test_threshold_analysis PASSED [ 58%]
tests/test_sensitivity.py::TestSensitivityAnalysis::test_initialization PASSED [ 60%]
tests/test_sensitivity.py::TestSensitivityAnalysis::test_rosenbaum_bounds PASSED [ 61%]
tests/test_sensitivity.py::TestSensitivityAnalysis::test_tipping_point_analysis PASSED [ 63%]
tests/test_sensitivity.py::TestSensitivityAnalysis::test_rule_out_values PASSED [ 65%]
tests/test_sensitivity.py::TestSensitivityEdgeCases::test_strong_confounding PASSED [ 66%]
tests/test_sensitivity.py::TestSensitivityEdgeCases::test_weak_confounding PASSED [ 68%]
tests/test_validation.py::TestEValueValidation::test_vanderweele_example_1 FAILED [ 69%]
tests/test_validation.py::TestEValueValidation::test_vanderweele_example_2 PASSED [ 71%]
tests/test_validation.py::TestEValueValidation::test_vanderweele_protective_effect PASSED [ 73%]
tests/test_validation.py::TestEValueValidation::test_vanderweele_formula_verification FAILED [ 74%]
tests/test_validation.py::TestEValueValidation::test_odds_ratio_conversion PASSED [ 76%]
tests/test_validation.py::TestLashValidation::test_lash_selection_bias_example FAILED [ 77%]
tests/test_validation.py::TestLashValidation::test_lash_misclassification_example FAILED [ 79%]
tests/test_validation.py::TestLashValidation::test_lash_confounding_example FAILED [ 80%]
tests/test_validation.py::TestGreenlandValidation::test_greenland_nondifferential_misclassification PASSED [ 82%]
tests/test_validation.py::TestGreenlandValidation::test_greenland_matrix_method FAILED [ 84%]
tests/test_validation.py::TestRPackageComparison::test_evalue_package_comparison FAILED [ 85%]
tests/test_validation.py::TestRPackageComparison::test_episensr_selection_comparison PASSED [ 87%]
tests/test_validation.py::TestRPackageComparison::test_full_r_comparison SKIPPED [ 88%]
tests/test_validation.py::TestMathematicalProperties::test_evalue_monotonicity PASSED [ 90%]
tests/test_validation.py::TestMathematicalProperties::test_evalue_symmetry PASSED [ 92%]
tests/test_validation.py::TestMathematicalProperties::test_bias_correction_null PASSED [ 93%]
tests/test_validation.py::TestMathematicalProperties::test_misclassification_toward_null PASSED [ 95%]
tests/test_validation.py::TestEdgeCases::test_rr_near_null FAILED        [ 96%]
tests/test_validation.py::TestEdgeCases::test_extreme_rr PASSED          [ 98%]
tests/test_validation.py::TestEdgeCases::test_zero_cells_handling PASSED [100%]

=================================== FAILURES ===================================
_____________ TestSelectionBias.test_selection_bias_initialization _____________
tests/test_bias_parameters.py:18: in test_selection_bias_initialization
    bias = SelectionBias(
E   TypeError: SelectionBias.__init__() got an unexpected keyword argument 'sensitivity'
_________________ TestSelectionBias.test_selection_bias_apply __________________
tests/test_bias_parameters.py:28: in test_selection_bias_apply
    bias = SelectionBias(
E   TypeError: SelectionBias.__init__() got an unexpected keyword argument 'sensitivity'
_______________ TestSelectionBias.test_selection_bias_validation _______________
tests/test_bias_parameters.py:43: in test_selection_bias_validation
    SelectionBias(
E   TypeError: SelectionBias.__init__() got an unexpected keyword argument 'sensitivity'
________________ TestSelectionBias.test_selection_bias_sampling ________________
tests/test_bias_parameters.py:58: in test_selection_bias_sampling
    bias = SelectionBias(
E   TypeError: SelectionBias.__init__() got an unexpected keyword argument 'sensitivity'
_______________ TestConfounding.test_confounding_initialization ________________
tests/test_bias_parameters.py:134: in test_confounding_initialization
    bias = Confounding(
E   TypeError: Confounding.__init__() got an unexpected keyword argument 'rr_confounder_outcome'
____________________ TestConfounding.test_confounding_apply ____________________
tests/test_bias_parameters.py:145: in test_confounding_apply
    bias = Confounding(
E   TypeError: Confounding.__init__() got an unexpected keyword argument 'rr_confounder_outcome'
_________________ TestConfounding.test_confounding_validation __________________
tests/test_bias_parameters.py:160: in test_confounding_validation
    Confounding(
E   TypeError: Confounding.__init__() got an unexpected keyword argument 'rr_confounder_outcome'
__________________ TestConfounding.test_confounding_sampling ___________________
tests/test_bias_parameters.py:175: in test_confounding_sampling
    bias = Confounding(
E   TypeError: Confounding.__init__() got an unexpected keyword argument 'rr_confounder_outcome'
___________ TestConfounding.test_confounding_prevalence_calculation ____________
tests/test_bias_parameters.py:190: in test_confounding_prevalence_calculation
    bias = Confounding(
E   TypeError: Confounding.__init__() got an unexpected keyword argument 'rr_confounder_outcome'
__________________________ TestEValue.test_invalid_rr __________________________
tests/test_evalues.py:61: in test_invalid_rr
    EValue.calculate_evalue_rr(0.0)
quantbias/evalues.py:88: in calculate_evalue_rr
    rr = 1 / rr
         ^^^^^^
E   ZeroDivisionError: float division by zero
____________ TestMonteCarloAnalysis.test_monte_carlo_initialization ____________
tests/test_monte_carlo.py:13: in test_monte_carlo_initialization
    bias = SelectionBias(
E   TypeError: SelectionBias.__init__() got an unexpected keyword argument 'sensitivity'
_________________ TestMonteCarloAnalysis.test_monte_carlo_run __________________
tests/test_monte_carlo.py:32: in test_monte_carlo_run
    bias = SelectionBias(
E   TypeError: SelectionBias.__init__() got an unexpected keyword argument 'sensitivity'
___________ TestMonteCarloAnalysis.test_monte_carlo_multiple_biases ____________
tests/test_monte_carlo.py:59: in test_monte_carlo_multiple_biases
    SelectionBias(
E   TypeError: SelectionBias.__init__() got an unexpected keyword argument 'sensitivity'
_________ TestMonteCarloAnalysis.test_monte_carlo_distribution_summary _________
tests/test_monte_carlo.py:86: in test_monte_carlo_distribution_summary
    bias = Confounding(
E   TypeError: Confounding.__init__() got an unexpected keyword argument 'rr_confounder_outcome'
_____________ TestMonteCarloAnalysis.test_probability_calculations _____________
tests/test_monte_carlo.py:108: in test_probability_calculations
    bias = Confounding(
E   TypeError: Confounding.__init__() got an unexpected keyword argument 'rr_confounder_outcome'
___________________ TestMonteCarloAnalysis.test_get_samples ____________________
tests/test_monte_carlo.py:132: in test_get_samples
    bias = SelectionBias(sensitivity=0.8, specificity=0.9, selection_probability=0.6)
           ^^^^^^^^^^^^^^^^^^^^^^^^^^^^^^^^^^^^^^^^^^^^^^^^^^^^^^^^^^^^^^^^^^^^^^^^^^
E   TypeError: SelectionBias.__init__() got an unexpected keyword argument 'sensitivity'
_________________ TestMonteCarloAnalysis.test_reproducibility __________________
tests/test_monte_carlo.py:149: in test_reproducibility
    bias = SelectionBias(
E   TypeError: SelectionBias.__init__() got an unexpected keyword argument 'sensitivity'
_____________ TestMonteCarloResult.test_monte_carlo_result_summary _____________
tests/test_monte_carlo.py:181: in test_monte_carlo_result_summary
    bias = SelectionBias(sensitivity=0.8, specificity=0.9, selection_probability=0.6)
           ^^^^^^^^^^^^^^^^^^^^^^^^^^^^^^^^^^^^^^^^^^^^^^^^^^^^^^^^^^^^^^^^^^^^^^^^^^
E   TypeError: SelectionBias.__init__() got an unexpected keyword argument 'sensitivity'
_______________ TestEValueValidation.test_vanderweele_example_1 ________________
tests/test_validation.py:46: in test_vanderweele_example_1
    assert np.isclose(result.ci_lower, expected_evalue_ci, atol=0.01)
E   AssertionError: assert np.False_
E    +  where np.False_ = <function isclose at 0x7ea136726830>(np.float64(2.3660254037844384), 2.54, atol=0.01)
E    +    where <function isclose at 0x7ea136726830> = np.isclose
E    +    and   np.float64(2.3660254037844384) = EValueResult(point_estimate=np.float64(3.414213562373095), ci_lower=np.float64(2.3660254037844384), observed_effect=2.0, observed_ci=(1.5, 2.7), effect_measure='RR').ci_lower
__________ TestEValueValidation.test_vanderweele_formula_verification __________
tests/test_validation.py:98: in test_vanderweele_formula_verification
    assert np.isclose(result, expected_evalue, atol=0.01), \
E   AssertionError: RR=1.5: Expected E-value=2.18, got 2.3660254037844384
E   assert np.False_
E    +  where np.False_ = <function isclose at 0x7ea136726830>(np.float64(2.3660254037844384), 2.18, atol=0.01)
E    +    where <function isclose at 0x7ea136726830> = np.isclose
_____________ TestLashValidation.test_lash_selection_bias_example ______________
tests/test_validation.py:154: in test_lash_selection_bias_example
    assert np.isclose(corrected_rr, expected_corrected_rr, atol=0.05), \
E   AssertionError: Expected 1.07, got 0.8571428571428572
E   assert np.False_
E    +  where np.False_ = <function isclose at 0x7ea136726830>(0.8571428571428572, 1.07, atol=0.05)
E    +    where <function isclose at 0x7ea136726830> = np.isclose
____________ TestLashValidation.test_lash_misclassification_example ____________
tests/test_validation.py:192: in test_lash_misclassification_example
    assert np.isclose(corrected_rr, expected_corrected_rr, atol=0.10), \
E   AssertionError: Expected 1.67, got 1e-06
E   assert np.False_
E    +  where np.False_ = <function isclose at 0x7ea136726830>(1e-06, 1.67, atol=0.1)
E    +    where <function isclose at 0x7ea136726830> = np.isclose
_______________ TestLashValidation.test_lash_confounding_example _______________
tests/test_validation.py:222: in test_lash_confounding_example
    assert np.isclose(corrected_rr, expected_corrected_rr, atol=0.05), \
E   AssertionError: Expected 1.25, got 1.3749999999999998
E   assert np.False_
E    +  where np.False_ = <function isclose at 0x7ea136726830>(1.3749999999999998, 1.25, atol=0.05)
E    +    where <function isclose at 0x7ea136726830> = np.isclose
_____________ TestGreenlandValidation.test_greenland_matrix_method _____________
tests/test_validation.py:306: in test_greenland_matrix_method
    corrected_rr = measurement_error.apply_bias(
quantbias/bias_parameters.py:315: in apply_bias
    validate_rr(observed_rr)
quantbias/utils/helpers.py:26: in validate_rr
    raise InvalidParameterError(f"{parameter_name} must be positive, got {rr}")
E   quantbias.utils.exceptions.InvalidParameterError: risk ratio must be positive, got 0
____________ TestRPackageComparison.test_evalue_package_comparison _____________
tests/test_validation.py:345: in test_evalue_package_comparison
    assert np.isclose(result.point_estimate, r_evalue_point, atol=0.01)
E   AssertionError: assert np.False_
E    +  where np.False_ = <function isclose at 0x7ea136726830>(np.float64(4.436491673103708), 3.89, atol=0.01)
E    +    where <function isclose at 0x7ea136726830> = np.isclose
E    +    and   np.float64(4.436491673103708) = EValueResult(point_estimate=np.float64(4.436491673103708), ci_lower=np.float64(3.0), observed_effect=2.5, observed_ci=(1.8, 3.5), effect_measure='RR').point_estimate
_______________________ TestEdgeCases.test_rr_near_null ________________________
tests/test_validation.py:444: in test_rr_near_null
    assert evalue < 1.01  # Should be very close to 1
    ^^^^^^^^^^^^^^^^^^^^
E   assert np.float64(1.0101004999875) < 1.01
================================ tests coverage ================================
_______________ coverage: platform linux, python 3.11.14-final-0 _______________

Name                                  Stmts   Miss  Cover   Missing
-------------------------------------------------------------------
quantbias/__init__.py                    11      0   100%
quantbias/bias_correction.py            110     84    24%   47, 86-93, 112-117, 125-148, 163-184, 210-230, 244-253, 272-318
quantbias/bias_parameters.py            211     59    72%   142-145, 171-192, 197-205, 278-281, 374-382, 417-423, 437-440, 506, 511-520, 585-614
quantbias/evalues.py                     72     14    81%   93, 128-130, 196-201, 223-226, 266
quantbias/evalues_extended.py            79     53    33%   56, 100-132, 171-185, 232-258, 298-337, 377-418, 448, 477
quantbias/inference.py                  101     74    27%   60, 128-162, 216-234, 292-347, 389-394, 423-442
quantbias/monte_carlo.py                106     71    33%   54, 96-104, 120-170, 180-189, 198-208, 217-231, 242-257, 273-276, 292, 303-306, 334-337, 348, 359-364, 389-396, 407-431
quantbias/sensitivity.py                107      6    94%   70, 170-171, 325, 333, 452
quantbias/utils/__init__.py               4      0   100%
quantbias/utils/constants.py             23      0   100%
quantbias/utils/exceptions.py            10      0   100%
quantbias/utils/helpers.py               56     24    57%   46, 96, 101, 107, 165-181, 239-247, 272, 301-309
quantbias/visualization/__init__.py       2      2     0%   3-12
quantbias/visualization/plots.py        150    150     0%   11-487
-------------------------------------------------------------------
TOTAL                                  1042    537    48%
Coverage HTML written to dir htmlcov
=========================== short test summary info ============================
FAILED tests/test_bias_parameters.py::TestSelectionBias::test_selection_bias_initialization - TypeError: SelectionBias.__init__() got an unexpected keyword argument 'sensitivity'
FAILED tests/test_bias_parameters.py::TestSelectionBias::test_selection_bias_apply - TypeError: SelectionBias.__init__() got an unexpected keyword argument 'sensitivity'
FAILED tests/test_bias_parameters.py::TestSelectionBias::test_selection_bias_validation - TypeError: SelectionBias.__init__() got an unexpected keyword argument 'sensitivity'
FAILED tests/test_bias_parameters.py::TestSelectionBias::test_selection_bias_sampling - TypeError: SelectionBias.__init__() got an unexpected keyword argument 'sensitivity'
FAILED tests/test_bias_parameters.py::TestConfounding::test_confounding_initialization - TypeError: Confounding.__init__() got an unexpected keyword argument 'rr_confounder_outcome'
FAILED tests/test_bias_parameters.py::TestConfounding::test_confounding_apply - TypeError: Confounding.__init__() got an unexpected keyword argument 'rr_confounder_outcome'
FAILED tests/test_bias_parameters.py::TestConfounding::test_confounding_validation - TypeError: Confounding.__init__() got an unexpected keyword argument 'rr_confounder_outcome'
FAILED tests/test_bias_parameters.py::TestConfounding::test_confounding_sampling - TypeError: Confounding.__init__() got an unexpected keyword argument 'rr_confounder_outcome'
FAILED tests/test_bias_parameters.py::TestConfounding::test_confounding_prevalence_calculation - TypeError: Confounding.__init__() got an unexpected keyword argument 'rr_confounder_outcome'
FAILED tests/test_evalues.py::TestEValue::test_invalid_rr - ZeroDivisionError: float division by zero
FAILED tests/test_monte_carlo.py::TestMonteCarloAnalysis::test_monte_carlo_initialization - TypeError: SelectionBias.__init__() got an unexpected keyword argument 'sensitivity'
FAILED tests/test_monte_carlo.py::TestMonteCarloAnalysis::test_monte_carlo_run - TypeError: SelectionBias.__init__() got an unexpected keyword argument 'sensitivity'
FAILED tests/test_monte_carlo.py::TestMonteCarloAnalysis::test_monte_carlo_multiple_biases - TypeError: SelectionBias.__init__() got an unexpected keyword argument 'sensitivity'
FAILED tests/test_monte_carlo.py::TestMonteCarloAnalysis::test_monte_carlo_distribution_summary - TypeError: Confounding.__init__() got an unexpected keyword argument 'rr_confounder_outcome'
FAILED tests/test_monte_carlo.py::TestMonteCarloAnalysis::test_probability_calculations - TypeError: Confounding.__init__() got an unexpected keyword argument 'rr_confounder_outcome'
FAILED tests/test_monte_carlo.py::TestMonteCarloAnalysis::test_get_samples - TypeError: SelectionBias.__init__() got an unexpected keyword argument 'sensitivity'
FAILED tests/test_monte_carlo.py::TestMonteCarloAnalysis::test_reproducibility - TypeError: SelectionBias.__init__() got an unexpected keyword argument 'sensitivity'
FAILED tests/test_monte_carlo.py::TestMonteCarloResult::test_monte_carlo_result_summary - TypeError: SelectionBias.__init__() got an unexpected keyword argument 'sensitivity'
FAILED tests/test_validation.py::TestEValueValidation::test_vanderweele_example_1 - AssertionError: assert np.False_
 +  where np.False_ = <function isclose at 0x7ea136726830>(np.float64(2.3660254037844384), 2.54, atol=0.01)
 +    where <function isclose at 0x7ea136726830> = np.isclose
 +    and   np.float64(2.3660254037844384) = EValueResult(point_estimate=np.float64(3.414213562373095), ci_lower=np.float64(2.3660254037844384), observed_effect=2.0, observed_ci=(1.5, 2.7), effect_measure='RR').ci_lower
FAILED tests/test_validation.py::TestEValueValidation::test_vanderweele_formula_verification - AssertionError: RR=1.5: Expected E-value=2.18, got 2.3660254037844384
assert np.False_
 +  where np.False_ = <function isclose at 0x7ea136726830>(np.float64(2.3660254037844384), 2.18, atol=0.01)
 +    where <function isclose at 0x7ea136726830> = np.isclose
FAILED tests/test_validation.py::TestLashValidation::test_lash_selection_bias_example - AssertionError: Expected 1.07, got 0.8571428571428572
assert np.False_
 +  where np.False_ = <function isclose at 0x7ea136726830>(0.8571428571428572, 1.07, atol=0.05)
 +    where <function isclose at 0x7ea136726830> = np.isclose
FAILED tests/test_validation.py::TestLashValidation::test_lash_misclassification_example - AssertionError: Expected 1.67, got 1e-06
assert np.False_
 +  where np.False_ = <function isclose at 0x7ea136726830>(1e-06, 1.67, atol=0.1)
 +    where <function isclose at 0x7ea136726830> = np.isclose
FAILED tests/test_validation.py::TestLashValidation::test_lash_confounding_example - AssertionError: Expected 1.25, got 1.3749999999999998
assert np.False_
 +  where np.False_ = <function isclose at 0x7ea136726830>(1.3749999999999998, 1.25, atol=0.05)
 +    where <function isclose at 0x7ea136726830> = np.isclose
FAILED tests/test_validation.py::TestGreenlandValidation::test_greenland_matrix_method - quantbias.utils.exceptions.InvalidParameterError: risk ratio must be positive, got 0
FAILED tests/test_validation.py::TestRPackageComparison::test_evalue_package_comparison - AssertionError: assert np.False_
 +  where np.False_ = <function isclose at 0x7ea136726830>(np.float64(4.436491673103708), 3.89, atol=0.01)
 +    where <function isclose at 0x7ea136726830> = np.isclose
 +    and   np.float64(4.436491673103708) = EValueResult(point_estimate=np.float64(4.436491673103708), ci_lower=np.float64(3.0), observed_effect=2.5, observed_ci=(1.8, 3.5), effect_measure='RR').point_estimate
FAILED tests/test_validation.py::TestEdgeCases::test_rr_near_null - assert np.float64(1.0101004999875) < 1.01
=================== 26 failed, 36 passed, 1 skipped in 5.38s ===================
